<?xml version="1.0" encoding="UTF-8"?>
<testng-results skipped="0" failed="0" total="2" passed="2">
  <reporter-output>
  </reporter-output>
  <suite name="Default suite" duration-ms="23272" started-at="2017-11-02T18:46:48Z" finished-at="2017-11-02T18:47:12Z">
    <groups>
    </groups>
    <test name="Default test" duration-ms="23272" started-at="2017-11-02T18:46:48Z" finished-at="2017-11-02T18:47:12Z">
      <class name="manual_steps.Example">
        <test-method status="PASS" signature="beforeTestsetUp()[pri:0, instance:manual_steps.Example@39aeed2f]" name="beforeTestsetUp" is-config="true" duration-ms="4183" started-at="2017-11-02T14:46:48Z" finished-at="2017-11-02T14:46:53Z">
          <reporter-output>
          </reporter-output>
        </test-method> <!-- beforeTestsetUp -->
        <test-method status="PASS" signature="loginTest()[pri:0, instance:manual_steps.Example@39aeed2f]" name="loginTest" duration-ms="6828" started-at="2017-11-02T14:46:53Z" description="Verify Login" finished-at="2017-11-02T14:46:59Z">
          <reporter-output>
          </reporter-output>
        </test-method> <!-- loginTest -->
        <test-method status="PASS" signature="createAccounts()[pri:0, instance:manual_steps.Example@39aeed2f]" name="createAccounts" duration-ms="12238" started-at="2017-11-02T14:46:59Z" description="Create Accounts in Salesforce" finished-at="2017-11-02T14:47:12Z">
          <reporter-output>
          </reporter-output>
        </test-method> <!-- createAccounts -->
      </class> <!-- manual_steps.Example -->
    </test> <!-- Default test -->
  </suite> <!-- Default suite -->
</testng-results>
